{"C:\\Users\\wiwiw\\Documents\\hactiv8\\phase 2\\Week 3\\IP-indra\\server\\app.js": {"path":"C:\\Users\\wiwiw\\Documents\\hactiv8\\phase 2\\Week 3\\IP-indra\\server\\app.js","statementMap":{"0":{"start":{"line":1,"column":0},"end":{"line":3,"column":1}},"1":{"start":{"line":2,"column":2},"end":{"line":2,"column":29}},"2":{"start":{"line":5,"column":16},"end":{"line":5,"column":34}},"3":{"start":{"line":6,"column":13},"end":{"line":6,"column":28}},"4":{"start":{"line":7,"column":15},"end":{"line":7,"column":34}},"5":{"start":{"line":8,"column":21},"end":{"line":8,"column":57}},"6":{"start":{"line":9,"column":12},"end":{"line":9,"column":21}},"7":{"start":{"line":11,"column":0},"end":{"line":11,"column":16}},"8":{"start":{"line":12,"column":0},"end":{"line":12,"column":48}},"9":{"start":{"line":13,"column":0},"end":{"line":13,"column":24}},"10":{"start":{"line":14,"column":0},"end":{"line":14,"column":21}},"11":{"start":{"line":16,"column":0},"end":{"line":16,"column":22}},"12":{"start":{"line":18,"column":0},"end":{"line":18,"column":21}}},"fnMap":{},"branchMap":{"0":{"loc":{"start":{"line":1,"column":0},"end":{"line":3,"column":1}},"type":"if","locations":[{"start":{"line":1,"column":0},"end":{"line":3,"column":1}},{"start":{},"end":{}}],"line":1}},"s":{"0":2,"1":1,"2":2,"3":2,"4":2,"5":2,"6":2,"7":2,"8":2,"9":2,"10":2,"11":2,"12":2},"f":{},"b":{"0":[1,1]},"_coverageSchema":"1a1c01bbd47fc00a2c39e90264f33305004495a9","hash":"f4938d2fc750bf1a824c0fc195861326da9bad57"}
,"C:\\Users\\wiwiw\\Documents\\hactiv8\\phase 2\\Week 3\\IP-indra\\server\\controllers\\favoriteController.js": {"path":"C:\\Users\\wiwiw\\Documents\\hactiv8\\phase 2\\Week 3\\IP-indra\\server\\controllers\\favoriteController.js","statementMap":{"0":{"start":{"line":1,"column":21},"end":{"line":1,"column":41}},"1":{"start":{"line":5,"column":4},"end":{"line":10,"column":5}},"2":{"start":{"line":6,"column":21},"end":{"line":6,"column":45}},"3":{"start":{"line":7,"column":6},"end":{"line":7,"column":37}},"4":{"start":{"line":9,"column":6},"end":{"line":9,"column":18}},"5":{"start":{"line":14,"column":4},"end":{"line":39,"column":5}},"6":{"start":{"line":15,"column":15},"end":{"line":15,"column":28}},"7":{"start":{"line":17,"column":21},"end":{"line":17,"column":48}},"8":{"start":{"line":26,"column":10},"end":{"line":26,"column":18}},"9":{"start":{"line":27,"column":6},"end":{"line":34,"column":9}},"10":{"start":{"line":35,"column":6},"end":{"line":35,"column":37}},"11":{"start":{"line":38,"column":6},"end":{"line":38,"column":18}},"12":{"start":{"line":43,"column":4},"end":{"line":51,"column":5}},"13":{"start":{"line":44,"column":23},"end":{"line":44,"column":36}},"14":{"start":{"line":45,"column":21},"end":{"line":45,"column":56}},"15":{"start":{"line":46,"column":6},"end":{"line":46,"column":31}},"16":{"start":{"line":47,"column":6},"end":{"line":47,"column":78}},"17":{"start":{"line":50,"column":6},"end":{"line":50,"column":18}},"18":{"start":{"line":55,"column":0},"end":{"line":55,"column":36}}},"fnMap":{"0":{"name":"(anonymous_0)","decl":{"start":{"line":4,"column":2},"end":{"line":4,"column":3}},"loc":{"start":{"line":4,"column":43},"end":{"line":11,"column":3}},"line":4},"1":{"name":"(anonymous_1)","decl":{"start":{"line":13,"column":2},"end":{"line":13,"column":3}},"loc":{"start":{"line":13,"column":44},"end":{"line":40,"column":3}},"line":13},"2":{"name":"(anonymous_2)","decl":{"start":{"line":42,"column":2},"end":{"line":42,"column":3}},"loc":{"start":{"line":42,"column":46},"end":{"line":52,"column":3}},"line":42}},"branchMap":{},"s":{"0":2,"1":3,"2":3,"3":2,"4":1,"5":2,"6":2,"7":2,"8":2,"9":2,"10":1,"11":1,"12":3,"13":3,"14":3,"15":3,"16":1,"17":2,"18":2},"f":{"0":3,"1":2,"2":3},"b":{},"_coverageSchema":"1a1c01bbd47fc00a2c39e90264f33305004495a9","hash":"ced860c99be9aa2dcd3c321145579e0934b67452"}
,"C:\\Users\\wiwiw\\Documents\\hactiv8\\phase 2\\Week 3\\IP-indra\\server\\controllers\\geminiController.js": {"path":"C:\\Users\\wiwiw\\Documents\\hactiv8\\phase 2\\Week 3\\IP-indra\\server\\controllers\\geminiController.js","statementMap":{"0":{"start":{"line":1,"column":28},"end":{"line":1,"column":56}},"1":{"start":{"line":5,"column":4},"end":{"line":25,"column":5}},"2":{"start":{"line":6,"column":32},"end":{"line":6,"column":40}},"3":{"start":{"line":8,"column":6},"end":{"line":10,"column":7}},"4":{"start":{"line":9,"column":8},"end":{"line":9,"column":68}},"5":{"start":{"line":12,"column":23},"end":{"line":12,"column":63}},"6":{"start":{"line":14,"column":27},"end":{"line":14,"column":36}},"7":{"start":{"line":15,"column":6},"end":{"line":22,"column":9}},"8":{"start":{"line":24,"column":6},"end":{"line":24,"column":18}},"9":{"start":{"line":29,"column":0},"end":{"line":29,"column":34}}},"fnMap":{"0":{"name":"(anonymous_0)","decl":{"start":{"line":4,"column":2},"end":{"line":4,"column":3}},"loc":{"start":{"line":4,"column":49},"end":{"line":26,"column":3}},"line":4}},"branchMap":{"0":{"loc":{"start":{"line":8,"column":6},"end":{"line":10,"column":7}},"type":"if","locations":[{"start":{"line":8,"column":6},"end":{"line":10,"column":7}},{"start":{},"end":{}}],"line":8}},"s":{"0":2,"1":2,"2":2,"3":2,"4":1,"5":1,"6":1,"7":1,"8":1,"9":2},"f":{"0":2},"b":{"0":[1,1]},"_coverageSchema":"1a1c01bbd47fc00a2c39e90264f33305004495a9","hash":"d8feff12618ab731cab35b3d11b7cebff6783d20"}
,"C:\\Users\\wiwiw\\Documents\\hactiv8\\phase 2\\Week 3\\IP-indra\\server\\controllers\\heroController.js": {"path":"C:\\Users\\wiwiw\\Documents\\hactiv8\\phase 2\\Week 3\\IP-indra\\server\\controllers\\heroController.js","statementMap":{"0":{"start":{"line":1,"column":27},"end":{"line":1,"column":47}},"1":{"start":{"line":2,"column":14},"end":{"line":2,"column":30}},"2":{"start":{"line":6,"column":4},"end":{"line":11,"column":5}},"3":{"start":{"line":7,"column":17},"end":{"line":7,"column":37}},"4":{"start":{"line":8,"column":6},"end":{"line":8,"column":33}},"5":{"start":{"line":10,"column":6},"end":{"line":10,"column":18}},"6":{"start":{"line":15,"column":4},"end":{"line":26,"column":5}},"7":{"start":{"line":16,"column":23},"end":{"line":18,"column":7}},"8":{"start":{"line":19,"column":29},"end":{"line":22,"column":9}},"9":{"start":{"line":19,"column":70},"end":{"line":22,"column":7}},"10":{"start":{"line":23,"column":6},"end":{"line":23,"column":43}},"11":{"start":{"line":25,"column":6},"end":{"line":25,"column":18}},"12":{"start":{"line":30,"column":4},"end":{"line":43,"column":5}},"13":{"start":{"line":31,"column":23},"end":{"line":33,"column":7}},"14":{"start":{"line":34,"column":35},"end":{"line":39,"column":7}},"15":{"start":{"line":35,"column":31},"end":{"line":38,"column":9}},"16":{"start":{"line":40,"column":6},"end":{"line":40,"column":49}},"17":{"start":{"line":42,"column":6},"end":{"line":42,"column":18}},"18":{"start":{"line":47,"column":4},"end":{"line":89,"column":5}},"19":{"start":{"line":48,"column":21},"end":{"line":48,"column":31}},"20":{"start":{"line":49,"column":6},"end":{"line":51,"column":7}},"21":{"start":{"line":50,"column":8},"end":{"line":50,"column":66}},"22":{"start":{"line":54,"column":21},"end":{"line":54,"column":44}},"23":{"start":{"line":55,"column":6},"end":{"line":63,"column":7}},"24":{"start":{"line":56,"column":8},"end":{"line":62,"column":11}},"25":{"start":{"line":66,"column":23},"end":{"line":66,"column":51}},"26":{"start":{"line":67,"column":19},"end":{"line":67,"column":68}},"27":{"start":{"line":67,"column":43},"end":{"line":67,"column":67}},"28":{"start":{"line":68,"column":6},"end":{"line":70,"column":7}},"29":{"start":{"line":69,"column":8},"end":{"line":69,"column":61}},"30":{"start":{"line":72,"column":28},"end":{"line":78,"column":7}},"31":{"start":{"line":80,"column":6},"end":{"line":80,"column":42}},"32":{"start":{"line":82,"column":6},"end":{"line":84,"column":7}},"33":{"start":{"line":83,"column":8},"end":{"line":83,"column":27}},"34":{"start":{"line":85,"column":6},"end":{"line":88,"column":9}},"35":{"start":{"line":93,"column":4},"end":{"line":150,"column":5}},"36":{"start":{"line":94,"column":6},"end":{"line":94,"column":61}},"37":{"start":{"line":95,"column":6},"end":{"line":100,"column":7}},"38":{"start":{"line":96,"column":8},"end":{"line":99,"column":10}},"39":{"start":{"line":102,"column":68},"end":{"line":102,"column":76}},"40":{"start":{"line":103,"column":28},"end":{"line":103,"column":30}},"41":{"start":{"line":104,"column":6},"end":{"line":104,"column":54}},"42":{"start":{"line":104,"column":22},"end":{"line":104,"column":54}},"43":{"start":{"line":105,"column":6},"end":{"line":105,"column":58}},"44":{"start":{"line":105,"column":24},"end":{"line":105,"column":58}},"45":{"start":{"line":106,"column":6},"end":{"line":106,"column":54}},"46":{"start":{"line":106,"column":22},"end":{"line":106,"column":54}},"47":{"start":{"line":107,"column":6},"end":{"line":107,"column":64}},"48":{"start":{"line":107,"column":27},"end":{"line":107,"column":64}},"49":{"start":{"line":108,"column":6},"end":{"line":115,"column":7}},"50":{"start":{"line":109,"column":8},"end":{"line":114,"column":10}},"51":{"start":{"line":116,"column":21},"end":{"line":116,"column":38}},"52":{"start":{"line":117,"column":30},"end":{"line":124,"column":8}},"53":{"start":{"line":125,"column":26},"end":{"line":132,"column":8}},"54":{"start":{"line":133,"column":6},"end":{"line":133,"column":73}},"55":{"start":{"line":134,"column":6},"end":{"line":146,"column":9}},"56":{"start":{"line":148,"column":6},"end":{"line":148,"column":48}},"57":{"start":{"line":149,"column":6},"end":{"line":149,"column":18}},"58":{"start":{"line":154,"column":4},"end":{"line":201,"column":5}},"59":{"start":{"line":155,"column":21},"end":{"line":155,"column":31}},"60":{"start":{"line":156,"column":6},"end":{"line":158,"column":7}},"61":{"start":{"line":157,"column":8},"end":{"line":157,"column":66}},"62":{"start":{"line":159,"column":68},"end":{"line":159,"column":76}},"63":{"start":{"line":162,"column":19},"end":{"line":162,"column":42}},"64":{"start":{"line":163,"column":6},"end":{"line":165,"column":7}},"65":{"start":{"line":164,"column":8},"end":{"line":164,"column":61}},"66":{"start":{"line":168,"column":6},"end":{"line":173,"column":9}},"67":{"start":{"line":176,"column":6},"end":{"line":186,"column":8}},"68":{"start":{"line":188,"column":6},"end":{"line":198,"column":9}},"69":{"start":{"line":200,"column":6},"end":{"line":200,"column":18}},"70":{"start":{"line":205,"column":4},"end":{"line":234,"column":5}},"71":{"start":{"line":206,"column":21},"end":{"line":206,"column":31}},"72":{"start":{"line":207,"column":6},"end":{"line":209,"column":7}},"73":{"start":{"line":208,"column":8},"end":{"line":208,"column":66}},"74":{"start":{"line":210,"column":19},"end":{"line":210,"column":42}},"75":{"start":{"line":211,"column":6},"end":{"line":213,"column":7}},"76":{"start":{"line":212,"column":8},"end":{"line":212,"column":61}},"77":{"start":{"line":216,"column":6},"end":{"line":218,"column":9}},"78":{"start":{"line":221,"column":6},"end":{"line":221,"column":27}},"79":{"start":{"line":223,"column":6},"end":{"line":231,"column":9}},"80":{"start":{"line":233,"column":6},"end":{"line":233,"column":18}},"81":{"start":{"line":259,"column":0},"end":{"line":259,"column":32}}},"fnMap":{"0":{"name":"(anonymous_0)","decl":{"start":{"line":5,"column":2},"end":{"line":5,"column":3}},"loc":{"start":{"line":5,"column":41},"end":{"line":12,"column":3}},"line":5},"1":{"name":"(anonymous_1)","decl":{"start":{"line":14,"column":2},"end":{"line":14,"column":3}},"loc":{"start":{"line":14,"column":47},"end":{"line":27,"column":3}},"line":14},"2":{"name":"(anonymous_2)","decl":{"start":{"line":19,"column":52},"end":{"line":19,"column":53}},"loc":{"start":{"line":19,"column":70},"end":{"line":22,"column":7}},"line":19},"3":{"name":"(anonymous_3)","decl":{"start":{"line":29,"column":2},"end":{"line":29,"column":3}},"loc":{"start":{"line":29,"column":52},"end":{"line":44,"column":3}},"line":29},"4":{"name":"(anonymous_4)","decl":{"start":{"line":35,"column":8},"end":{"line":35,"column":9}},"loc":{"start":{"line":35,"column":31},"end":{"line":38,"column":9}},"line":35},"5":{"name":"(anonymous_5)","decl":{"start":{"line":46,"column":2},"end":{"line":46,"column":3}},"loc":{"start":{"line":46,"column":43},"end":{"line":90,"column":3}},"line":46},"6":{"name":"(anonymous_6)","decl":{"start":{"line":67,"column":33},"end":{"line":67,"column":34}},"loc":{"start":{"line":67,"column":43},"end":{"line":67,"column":67}},"line":67},"7":{"name":"(anonymous_7)","decl":{"start":{"line":92,"column":2},"end":{"line":92,"column":3}},"loc":{"start":{"line":92,"column":39},"end":{"line":151,"column":3}},"line":92},"8":{"name":"(anonymous_8)","decl":{"start":{"line":153,"column":2},"end":{"line":153,"column":3}},"loc":{"start":{"line":153,"column":42},"end":{"line":202,"column":3}},"line":153},"9":{"name":"(anonymous_9)","decl":{"start":{"line":204,"column":2},"end":{"line":204,"column":3}},"loc":{"start":{"line":204,"column":42},"end":{"line":235,"column":3}},"line":204}},"branchMap":{"0":{"loc":{"start":{"line":49,"column":6},"end":{"line":51,"column":7}},"type":"if","locations":[{"start":{"line":49,"column":6},"end":{"line":51,"column":7}},{"start":{},"end":{}}],"line":49},"1":{"loc":{"start":{"line":55,"column":6},"end":{"line":63,"column":7}},"type":"if","locations":[{"start":{"line":55,"column":6},"end":{"line":63,"column":7}},{"start":{},"end":{}}],"line":55},"2":{"loc":{"start":{"line":68,"column":6},"end":{"line":70,"column":7}},"type":"if","locations":[{"start":{"line":68,"column":6},"end":{"line":70,"column":7}},{"start":{},"end":{}}],"line":68},"3":{"loc":{"start":{"line":82,"column":6},"end":{"line":84,"column":7}},"type":"if","locations":[{"start":{"line":82,"column":6},"end":{"line":84,"column":7}},{"start":{},"end":{}}],"line":82},"4":{"loc":{"start":{"line":95,"column":6},"end":{"line":100,"column":7}},"type":"if","locations":[{"start":{"line":95,"column":6},"end":{"line":100,"column":7}},{"start":{},"end":{}}],"line":95},"5":{"loc":{"start":{"line":95,"column":10},"end":{"line":95,"column":57}},"type":"binary-expr","locations":[{"start":{"line":95,"column":10},"end":{"line":95,"column":19}},{"start":{"line":95,"column":23},"end":{"line":95,"column":57}}],"line":95},"6":{"loc":{"start":{"line":104,"column":6},"end":{"line":104,"column":54}},"type":"if","locations":[{"start":{"line":104,"column":6},"end":{"line":104,"column":54}},{"start":{},"end":{}}],"line":104},"7":{"loc":{"start":{"line":105,"column":6},"end":{"line":105,"column":58}},"type":"if","locations":[{"start":{"line":105,"column":6},"end":{"line":105,"column":58}},{"start":{},"end":{}}],"line":105},"8":{"loc":{"start":{"line":106,"column":6},"end":{"line":106,"column":54}},"type":"if","locations":[{"start":{"line":106,"column":6},"end":{"line":106,"column":54}},{"start":{},"end":{}}],"line":106},"9":{"loc":{"start":{"line":107,"column":6},"end":{"line":107,"column":64}},"type":"if","locations":[{"start":{"line":107,"column":6},"end":{"line":107,"column":64}},{"start":{},"end":{}}],"line":107},"10":{"loc":{"start":{"line":108,"column":6},"end":{"line":115,"column":7}},"type":"if","locations":[{"start":{"line":108,"column":6},"end":{"line":115,"column":7}},{"start":{},"end":{}}],"line":108},"11":{"loc":{"start":{"line":116,"column":21},"end":{"line":116,"column":38}},"type":"binary-expr","locations":[{"start":{"line":116,"column":21},"end":{"line":116,"column":33}},{"start":{"line":116,"column":37},"end":{"line":116,"column":38}}],"line":116},"12":{"loc":{"start":{"line":156,"column":6},"end":{"line":158,"column":7}},"type":"if","locations":[{"start":{"line":156,"column":6},"end":{"line":158,"column":7}},{"start":{},"end":{}}],"line":156},"13":{"loc":{"start":{"line":163,"column":6},"end":{"line":165,"column":7}},"type":"if","locations":[{"start":{"line":163,"column":6},"end":{"line":165,"column":7}},{"start":{},"end":{}}],"line":163},"14":{"loc":{"start":{"line":169,"column":19},"end":{"line":169,"column":46}},"type":"binary-expr","locations":[{"start":{"line":169,"column":19},"end":{"line":169,"column":28}},{"start":{"line":169,"column":32},"end":{"line":169,"column":46}}],"line":169},"15":{"loc":{"start":{"line":170,"column":21},"end":{"line":170,"column":52}},"type":"binary-expr","locations":[{"start":{"line":170,"column":21},"end":{"line":170,"column":32}},{"start":{"line":170,"column":36},"end":{"line":170,"column":52}}],"line":170},"16":{"loc":{"start":{"line":171,"column":19},"end":{"line":171,"column":46}},"type":"binary-expr","locations":[{"start":{"line":171,"column":19},"end":{"line":171,"column":28}},{"start":{"line":171,"column":32},"end":{"line":171,"column":46}}],"line":171},"17":{"loc":{"start":{"line":172,"column":24},"end":{"line":172,"column":61}},"type":"binary-expr","locations":[{"start":{"line":172,"column":24},"end":{"line":172,"column":38}},{"start":{"line":172,"column":42},"end":{"line":172,"column":61}}],"line":172},"18":{"loc":{"start":{"line":178,"column":21},"end":{"line":178,"column":48}},"type":"binary-expr","locations":[{"start":{"line":178,"column":21},"end":{"line":178,"column":30}},{"start":{"line":178,"column":34},"end":{"line":178,"column":48}}],"line":178},"19":{"loc":{"start":{"line":179,"column":23},"end":{"line":179,"column":54}},"type":"binary-expr","locations":[{"start":{"line":179,"column":23},"end":{"line":179,"column":34}},{"start":{"line":179,"column":38},"end":{"line":179,"column":54}}],"line":179},"20":{"loc":{"start":{"line":180,"column":21},"end":{"line":180,"column":48}},"type":"binary-expr","locations":[{"start":{"line":180,"column":21},"end":{"line":180,"column":30}},{"start":{"line":180,"column":34},"end":{"line":180,"column":48}}],"line":180},"21":{"loc":{"start":{"line":181,"column":26},"end":{"line":181,"column":63}},"type":"binary-expr","locations":[{"start":{"line":181,"column":26},"end":{"line":181,"column":40}},{"start":{"line":181,"column":44},"end":{"line":181,"column":63}}],"line":181},"22":{"loc":{"start":{"line":207,"column":6},"end":{"line":209,"column":7}},"type":"if","locations":[{"start":{"line":207,"column":6},"end":{"line":209,"column":7}},{"start":{},"end":{}}],"line":207},"23":{"loc":{"start":{"line":211,"column":6},"end":{"line":213,"column":7}},"type":"if","locations":[{"start":{"line":211,"column":6},"end":{"line":213,"column":7}},{"start":{},"end":{}}],"line":211}},"s":{"0":2,"1":2,"2":3,"3":3,"4":2,"5":1,"6":2,"7":2,"8":1,"9":6,"10":1,"11":1,"12":2,"13":2,"14":1,"15":11,"16":1,"17":1,"18":6,"19":6,"20":6,"21":1,"22":5,"23":4,"24":1,"25":3,"26":3,"27":175,"28":3,"29":2,"30":1,"31":1,"32":4,"33":3,"34":1,"35":3,"36":3,"37":3,"38":1,"39":2,"40":2,"41":2,"42":0,"43":2,"44":1,"45":2,"46":1,"47":2,"48":1,"49":2,"50":1,"51":1,"52":1,"53":1,"54":1,"55":1,"56":2,"57":2,"58":3,"59":3,"60":3,"61":1,"62":2,"63":2,"64":2,"65":1,"66":1,"67":1,"68":1,"69":2,"70":3,"71":3,"72":3,"73":1,"74":2,"75":2,"76":1,"77":1,"78":1,"79":1,"80":2,"81":2},"f":{"0":3,"1":2,"2":6,"3":2,"4":11,"5":6,"6":175,"7":3,"8":3,"9":3},"b":{"0":[1,5],"1":[1,3],"2":[2,1],"3":[3,1],"4":[1,2],"5":[3,3],"6":[0,2],"7":[1,1],"8":[1,1],"9":[1,1],"10":[1,1],"11":[1,1],"12":[1,2],"13":[1,1],"14":[1,0],"15":[1,1],"16":[1,1],"17":[1,1],"18":[1,0],"19":[1,1],"20":[1,1],"21":[1,1],"22":[1,2],"23":[1,1]},"_coverageSchema":"1a1c01bbd47fc00a2c39e90264f33305004495a9","hash":"266565eb870118460d156b81931e4770f8e175da"}
,"C:\\Users\\wiwiw\\Documents\\hactiv8\\phase 2\\Week 3\\IP-indra\\server\\controllers\\userController.js": {"path":"C:\\Users\\wiwiw\\Documents\\hactiv8\\phase 2\\Week 3\\IP-indra\\server\\controllers\\userController.js","statementMap":{"0":{"start":{"line":1,"column":25},"end":{"line":1,"column":55}},"1":{"start":{"line":2,"column":28},"end":{"line":2,"column":56}},"2":{"start":{"line":3,"column":22},"end":{"line":3,"column":47}},"3":{"start":{"line":4,"column":17},"end":{"line":4,"column":37}},"4":{"start":{"line":8,"column":4},"end":{"line":14,"column":5}},"5":{"start":{"line":9,"column":34},"end":{"line":9,"column":42}},"6":{"start":{"line":10,"column":22},"end":{"line":10,"column":60}},"7":{"start":{"line":11,"column":6},"end":{"line":11,"column":69}},"8":{"start":{"line":13,"column":6},"end":{"line":13,"column":18}},"9":{"start":{"line":18,"column":4},"end":{"line":34,"column":5}},"10":{"start":{"line":19,"column":34},"end":{"line":19,"column":42}},"11":{"start":{"line":20,"column":6},"end":{"line":22,"column":7}},"12":{"start":{"line":21,"column":8},"end":{"line":21,"column":64}},"13":{"start":{"line":23,"column":6},"end":{"line":25,"column":7}},"14":{"start":{"line":24,"column":8},"end":{"line":24,"column":67}},"15":{"start":{"line":26,"column":19},"end":{"line":26,"column":59}},"16":{"start":{"line":27,"column":6},"end":{"line":29,"column":7}},"17":{"start":{"line":28,"column":8},"end":{"line":28,"column":72}},"18":{"start":{"line":30,"column":27},"end":{"line":30,"column":53}},"19":{"start":{"line":31,"column":6},"end":{"line":31,"column":45}},"20":{"start":{"line":33,"column":6},"end":{"line":33,"column":18}},"21":{"start":{"line":37,"column":19},"end":{"line":37,"column":37}},"22":{"start":{"line":38,"column":28},"end":{"line":38,"column":36}},"23":{"start":{"line":39,"column":4},"end":{"line":61,"column":5}},"24":{"start":{"line":40,"column":21},"end":{"line":43,"column":8}},"25":{"start":{"line":44,"column":22},"end":{"line":44,"column":41}},"26":{"start":{"line":45,"column":30},"end":{"line":52,"column":8}},"27":{"start":{"line":53,"column":20},"end":{"line":53,"column":46}},"28":{"start":{"line":54,"column":6},"end":{"line":54,"column":68}},"29":{"start":{"line":56,"column":6},"end":{"line":56,"column":25}},"30":{"start":{"line":58,"column":6},"end":{"line":58,"column":25}},"31":{"start":{"line":60,"column":6},"end":{"line":60,"column":65}},"32":{"start":{"line":64,"column":4},"end":{"line":74,"column":5}},"33":{"start":{"line":65,"column":19},"end":{"line":65,"column":51}},"34":{"start":{"line":66,"column":6},"end":{"line":66,"column":24}},"35":{"start":{"line":68,"column":6},"end":{"line":70,"column":7}},"36":{"start":{"line":69,"column":8},"end":{"line":69,"column":61}},"37":{"start":{"line":71,"column":6},"end":{"line":71,"column":63}},"38":{"start":{"line":73,"column":6},"end":{"line":73,"column":18}},"39":{"start":{"line":77,"column":4},"end":{"line":87,"column":5}},"40":{"start":{"line":78,"column":24},"end":{"line":78,"column":32}},"41":{"start":{"line":79,"column":19},"end":{"line":79,"column":51}},"42":{"start":{"line":80,"column":6},"end":{"line":82,"column":7}},"43":{"start":{"line":81,"column":8},"end":{"line":81,"column":61}},"44":{"start":{"line":83,"column":6},"end":{"line":83,"column":35}},"45":{"start":{"line":84,"column":6},"end":{"line":84,"column":63}},"46":{"start":{"line":86,"column":6},"end":{"line":86,"column":18}},"47":{"start":{"line":91,"column":0},"end":{"line":91,"column":32}}},"fnMap":{"0":{"name":"(anonymous_0)","decl":{"start":{"line":7,"column":2},"end":{"line":7,"column":3}},"loc":{"start":{"line":7,"column":40},"end":{"line":15,"column":3}},"line":7},"1":{"name":"(anonymous_1)","decl":{"start":{"line":17,"column":2},"end":{"line":17,"column":3}},"loc":{"start":{"line":17,"column":37},"end":{"line":35,"column":3}},"line":17},"2":{"name":"(anonymous_2)","decl":{"start":{"line":36,"column":2},"end":{"line":36,"column":3}},"loc":{"start":{"line":36,"column":43},"end":{"line":62,"column":3}},"line":36},"3":{"name":"(anonymous_3)","decl":{"start":{"line":63,"column":2},"end":{"line":63,"column":3}},"loc":{"start":{"line":63,"column":39},"end":{"line":75,"column":3}},"line":63},"4":{"name":"(anonymous_4)","decl":{"start":{"line":76,"column":2},"end":{"line":76,"column":3}},"loc":{"start":{"line":76,"column":45},"end":{"line":88,"column":3}},"line":76}},"branchMap":{"0":{"loc":{"start":{"line":20,"column":6},"end":{"line":22,"column":7}},"type":"if","locations":[{"start":{"line":20,"column":6},"end":{"line":22,"column":7}},{"start":{},"end":{}}],"line":20},"1":{"loc":{"start":{"line":23,"column":6},"end":{"line":25,"column":7}},"type":"if","locations":[{"start":{"line":23,"column":6},"end":{"line":25,"column":7}},{"start":{},"end":{}}],"line":23},"2":{"loc":{"start":{"line":27,"column":6},"end":{"line":29,"column":7}},"type":"if","locations":[{"start":{"line":27,"column":6},"end":{"line":29,"column":7}},{"start":{},"end":{}}],"line":27},"3":{"loc":{"start":{"line":27,"column":10},"end":{"line":27,"column":60}},"type":"binary-expr","locations":[{"start":{"line":27,"column":10},"end":{"line":27,"column":15}},{"start":{"line":27,"column":19},"end":{"line":27,"column":60}}],"line":27},"4":{"loc":{"start":{"line":54,"column":17},"end":{"line":54,"column":36}},"type":"cond-expr","locations":[{"start":{"line":54,"column":27},"end":{"line":54,"column":30}},{"start":{"line":54,"column":33},"end":{"line":54,"column":36}}],"line":54},"5":{"loc":{"start":{"line":68,"column":6},"end":{"line":70,"column":7}},"type":"if","locations":[{"start":{"line":68,"column":6},"end":{"line":70,"column":7}},{"start":{},"end":{}}],"line":68},"6":{"loc":{"start":{"line":80,"column":6},"end":{"line":82,"column":7}},"type":"if","locations":[{"start":{"line":80,"column":6},"end":{"line":82,"column":7}},{"start":{},"end":{}}],"line":80}},"s":{"0":2,"1":2,"2":2,"3":2,"4":4,"5":4,"6":4,"7":2,"8":2,"9":5,"10":5,"11":5,"12":1,"13":4,"14":1,"15":3,"16":3,"17":3,"18":0,"19":0,"20":5,"21":3,"22":3,"23":3,"24":3,"25":0,"26":0,"27":0,"28":0,"29":3,"30":3,"31":3,"32":1,"33":1,"34":1,"35":1,"36":0,"37":1,"38":0,"39":1,"40":1,"41":1,"42":1,"43":0,"44":1,"45":1,"46":0,"47":2},"f":{"0":4,"1":5,"2":3,"3":1,"4":1},"b":{"0":[1,4],"1":[1,3],"2":[3,0],"3":[3,2],"4":[0,0],"5":[0,1],"6":[0,1]},"_coverageSchema":"1a1c01bbd47fc00a2c39e90264f33305004495a9","hash":"373cbf39be8209bc91e4b79bb1fea34d6cfde71f"}
,"C:\\Users\\wiwiw\\Documents\\hactiv8\\phase 2\\Week 3\\IP-indra\\server\\helpers\\bcrypt.js": {"path":"C:\\Users\\wiwiw\\Documents\\hactiv8\\phase 2\\Week 3\\IP-indra\\server\\helpers\\bcrypt.js","statementMap":{"0":{"start":{"line":1,"column":15},"end":{"line":1,"column":34}},"1":{"start":{"line":3,"column":21},"end":{"line":5,"column":1}},"2":{"start":{"line":4,"column":2},"end":{"line":4,"column":39}},"3":{"start":{"line":7,"column":24},"end":{"line":9,"column":1}},"4":{"start":{"line":8,"column":2},"end":{"line":8,"column":54}},"5":{"start":{"line":11,"column":0},"end":{"line":11,"column":51}}},"fnMap":{"0":{"name":"(anonymous_0)","decl":{"start":{"line":3,"column":21},"end":{"line":3,"column":22}},"loc":{"start":{"line":3,"column":35},"end":{"line":5,"column":1}},"line":3},"1":{"name":"(anonymous_1)","decl":{"start":{"line":7,"column":24},"end":{"line":7,"column":25}},"loc":{"start":{"line":7,"column":54},"end":{"line":9,"column":1}},"line":7}},"branchMap":{},"s":{"0":3,"1":3,"2":5,"3":3,"4":2,"5":3},"f":{"0":5,"1":2},"b":{},"_coverageSchema":"1a1c01bbd47fc00a2c39e90264f33305004495a9","hash":"143cbab13252a576b00473de743bb03618f21be0"}
,"C:\\Users\\wiwiw\\Documents\\hactiv8\\phase 2\\Week 3\\IP-indra\\server\\helpers\\gemini.js": {"path":"C:\\Users\\wiwiw\\Documents\\hactiv8\\phase 2\\Week 3\\IP-indra\\server\\helpers\\gemini.js","statementMap":{"0":{"start":{"line":1,"column":31},"end":{"line":1,"column":63}},"1":{"start":{"line":4,"column":14},"end":{"line":4,"column":64}},"2":{"start":{"line":7,"column":19},"end":{"line":7,"column":35}},"3":{"start":{"line":11,"column":2},"end":{"line":24,"column":3}},"4":{"start":{"line":13,"column":18},"end":{"line":15,"column":6}},"5":{"start":{"line":18,"column":19},"end":{"line":18,"column":54}},"6":{"start":{"line":19,"column":21},"end":{"line":19,"column":42}},"7":{"start":{"line":20,"column":4},"end":{"line":20,"column":27}},"8":{"start":{"line":22,"column":4},"end":{"line":22,"column":69}},"9":{"start":{"line":23,"column":4},"end":{"line":23,"column":16}},"10":{"start":{"line":27,"column":0},"end":{"line":29,"column":2}}},"fnMap":{"0":{"name":"generateContent","decl":{"start":{"line":10,"column":15},"end":{"line":10,"column":30}},"loc":{"start":{"line":10,"column":53},"end":{"line":25,"column":1}},"line":10}},"branchMap":{"0":{"loc":{"start":{"line":10,"column":39},"end":{"line":10,"column":51}},"type":"default-arg","locations":[{"start":{"line":10,"column":49},"end":{"line":10,"column":51}}],"line":10},"1":{"loc":{"start":{"line":14,"column":13},"end":{"line":14,"column":40}},"type":"binary-expr","locations":[{"start":{"line":14,"column":13},"end":{"line":14,"column":26}},{"start":{"line":14,"column":30},"end":{"line":14,"column":40}}],"line":14}},"s":{"0":2,"1":2,"2":2,"3":2,"4":2,"5":2,"6":1,"7":1,"8":1,"9":1,"10":2},"f":{"0":2},"b":{"0":[1],"1":[2,2]},"_coverageSchema":"1a1c01bbd47fc00a2c39e90264f33305004495a9","hash":"3fa41702f43034c27dd4caa3bf51f1a6b0260873"}
,"C:\\Users\\wiwiw\\Documents\\hactiv8\\phase 2\\Week 3\\IP-indra\\server\\helpers\\jwt.js": {"path":"C:\\Users\\wiwiw\\Documents\\hactiv8\\phase 2\\Week 3\\IP-indra\\server\\helpers\\jwt.js","statementMap":{"0":{"start":{"line":1,"column":12},"end":{"line":1,"column":35}},"1":{"start":{"line":2,"column":19},"end":{"line":2,"column":41}},"2":{"start":{"line":5,"column":2},"end":{"line":5,"column":36}},"3":{"start":{"line":8,"column":2},"end":{"line":8,"column":39}},"4":{"start":{"line":11,"column":0},"end":{"line":11,"column":44}}},"fnMap":{"0":{"name":"signToken","decl":{"start":{"line":4,"column":9},"end":{"line":4,"column":18}},"loc":{"start":{"line":4,"column":25},"end":{"line":6,"column":1}},"line":4},"1":{"name":"verifyToken","decl":{"start":{"line":7,"column":9},"end":{"line":7,"column":20}},"loc":{"start":{"line":7,"column":28},"end":{"line":9,"column":1}},"line":7}},"branchMap":{},"s":{"0":2,"1":2,"2":3,"3":6,"4":2},"f":{"0":3,"1":6},"b":{},"_coverageSchema":"1a1c01bbd47fc00a2c39e90264f33305004495a9","hash":"ffdd6a32535e08d88b116f0d8cb8acc08c52a0a7"}
,"C:\\Users\\wiwiw\\Documents\\hactiv8\\phase 2\\Week 3\\IP-indra\\server\\middlewares\\auth.js": {"path":"C:\\Users\\wiwiw\\Documents\\hactiv8\\phase 2\\Week 3\\IP-indra\\server\\middlewares\\auth.js","statementMap":{"0":{"start":{"line":1,"column":17},"end":{"line":1,"column":37}},"1":{"start":{"line":2,"column":24},"end":{"line":2,"column":49}},"2":{"start":{"line":4,"column":23},"end":{"line":36,"column":1}},"3":{"start":{"line":5,"column":22},"end":{"line":5,"column":50}},"4":{"start":{"line":6,"column":2},"end":{"line":9,"column":3}},"5":{"start":{"line":7,"column":4},"end":{"line":7,"column":61}},"6":{"start":{"line":8,"column":4},"end":{"line":8,"column":11}},"7":{"start":{"line":12,"column":2},"end":{"line":15,"column":3}},"8":{"start":{"line":13,"column":4},"end":{"line":13,"column":61}},"9":{"start":{"line":14,"column":4},"end":{"line":14,"column":11}},"10":{"start":{"line":17,"column":20},"end":{"line":17,"column":42}},"11":{"start":{"line":18,"column":2},"end":{"line":21,"column":3}},"12":{"start":{"line":19,"column":4},"end":{"line":19,"column":61}},"13":{"start":{"line":20,"column":4},"end":{"line":20,"column":11}},"14":{"start":{"line":23,"column":2},"end":{"line":35,"column":3}},"15":{"start":{"line":24,"column":17},"end":{"line":24,"column":35}},"16":{"start":{"line":25,"column":17},"end":{"line":25,"column":45}},"17":{"start":{"line":27,"column":4},"end":{"line":30,"column":5}},"18":{"start":{"line":28,"column":6},"end":{"line":28,"column":63}},"19":{"start":{"line":29,"column":6},"end":{"line":29,"column":13}},"20":{"start":{"line":31,"column":4},"end":{"line":31,"column":20}},"21":{"start":{"line":32,"column":4},"end":{"line":32,"column":11}},"22":{"start":{"line":34,"column":4},"end":{"line":34,"column":14}},"23":{"start":{"line":38,"column":0},"end":{"line":38,"column":32}}},"fnMap":{"0":{"name":"(anonymous_0)","decl":{"start":{"line":4,"column":23},"end":{"line":4,"column":24}},"loc":{"start":{"line":4,"column":49},"end":{"line":36,"column":1}},"line":4}},"branchMap":{"0":{"loc":{"start":{"line":6,"column":2},"end":{"line":9,"column":3}},"type":"if","locations":[{"start":{"line":6,"column":2},"end":{"line":9,"column":3}},{"start":{},"end":{}}],"line":6},"1":{"loc":{"start":{"line":12,"column":2},"end":{"line":15,"column":3}},"type":"if","locations":[{"start":{"line":12,"column":2},"end":{"line":15,"column":3}},{"start":{},"end":{}}],"line":12},"2":{"loc":{"start":{"line":18,"column":2},"end":{"line":21,"column":3}},"type":"if","locations":[{"start":{"line":18,"column":2},"end":{"line":21,"column":3}},{"start":{},"end":{}}],"line":18},"3":{"loc":{"start":{"line":27,"column":4},"end":{"line":30,"column":5}},"type":"if","locations":[{"start":{"line":27,"column":4},"end":{"line":30,"column":5}},{"start":{},"end":{}}],"line":27}},"s":{"0":3,"1":2,"2":2,"3":7,"4":7,"5":1,"6":1,"7":6,"8":2,"9":2,"10":4,"11":4,"12":0,"13":0,"14":4,"15":4,"16":3,"17":3,"18":1,"19":1,"20":2,"21":2,"22":1,"23":2},"f":{"0":7},"b":{"0":[1,6],"1":[2,4],"2":[0,4],"3":[1,2]},"_coverageSchema":"1a1c01bbd47fc00a2c39e90264f33305004495a9","hash":"6db427b228306e4bc09ec1a92dac21c0279ab9ee"}
,"C:\\Users\\wiwiw\\Documents\\hactiv8\\phase 2\\Week 3\\IP-indra\\server\\middlewares\\errorHandle.js": {"path":"C:\\Users\\wiwiw\\Documents\\hactiv8\\phase 2\\Week 3\\IP-indra\\server\\middlewares\\errorHandle.js","statementMap":{"0":{"start":{"line":2,"column":2},"end":{"line":2,"column":32}},"1":{"start":{"line":3,"column":2},"end":{"line":8,"column":3}},"2":{"start":{"line":7,"column":4},"end":{"line":7,"column":70}},"3":{"start":{"line":9,"column":2},"end":{"line":11,"column":3}},"4":{"start":{"line":10,"column":4},"end":{"line":10,"column":60}},"5":{"start":{"line":12,"column":2},"end":{"line":14,"column":3}},"6":{"start":{"line":13,"column":4},"end":{"line":13,"column":60}},"7":{"start":{"line":15,"column":2},"end":{"line":17,"column":3}},"8":{"start":{"line":16,"column":4},"end":{"line":16,"column":62}},"9":{"start":{"line":18,"column":2},"end":{"line":20,"column":3}},"10":{"start":{"line":19,"column":4},"end":{"line":19,"column":60}},"11":{"start":{"line":21,"column":2},"end":{"line":23,"column":3}},"12":{"start":{"line":22,"column":4},"end":{"line":22,"column":60}},"13":{"start":{"line":24,"column":2},"end":{"line":26,"column":3}},"14":{"start":{"line":25,"column":4},"end":{"line":25,"column":73}},"15":{"start":{"line":28,"column":2},"end":{"line":28,"column":61}},"16":{"start":{"line":30,"column":0},"end":{"line":30,"column":30}}},"fnMap":{"0":{"name":"errorHandler","decl":{"start":{"line":1,"column":9},"end":{"line":1,"column":21}},"loc":{"start":{"line":1,"column":45},"end":{"line":29,"column":1}},"line":1}},"branchMap":{"0":{"loc":{"start":{"line":3,"column":2},"end":{"line":8,"column":3}},"type":"if","locations":[{"start":{"line":3,"column":2},"end":{"line":8,"column":3}},{"start":{},"end":{}}],"line":3},"1":{"loc":{"start":{"line":4,"column":4},"end":{"line":5,"column":51}},"type":"binary-expr","locations":[{"start":{"line":4,"column":4},"end":{"line":4,"column":45}},{"start":{"line":5,"column":4},"end":{"line":5,"column":51}}],"line":4},"2":{"loc":{"start":{"line":9,"column":2},"end":{"line":11,"column":3}},"type":"if","locations":[{"start":{"line":9,"column":2},"end":{"line":11,"column":3}},{"start":{},"end":{}}],"line":9},"3":{"loc":{"start":{"line":12,"column":2},"end":{"line":14,"column":3}},"type":"if","locations":[{"start":{"line":12,"column":2},"end":{"line":14,"column":3}},{"start":{},"end":{}}],"line":12},"4":{"loc":{"start":{"line":15,"column":2},"end":{"line":17,"column":3}},"type":"if","locations":[{"start":{"line":15,"column":2},"end":{"line":17,"column":3}},{"start":{},"end":{}}],"line":15},"5":{"loc":{"start":{"line":18,"column":2},"end":{"line":20,"column":3}},"type":"if","locations":[{"start":{"line":18,"column":2},"end":{"line":20,"column":3}},{"start":{},"end":{}}],"line":18},"6":{"loc":{"start":{"line":21,"column":2},"end":{"line":23,"column":3}},"type":"if","locations":[{"start":{"line":21,"column":2},"end":{"line":23,"column":3}},{"start":{},"end":{}}],"line":21},"7":{"loc":{"start":{"line":24,"column":2},"end":{"line":26,"column":3}},"type":"if","locations":[{"start":{"line":24,"column":2},"end":{"line":26,"column":3}},{"start":{},"end":{}}],"line":24}},"s":{"0":26,"1":26,"2":2,"3":24,"4":1,"5":23,"6":5,"7":18,"8":2,"9":16,"10":1,"11":15,"12":1,"13":14,"14":11,"15":3,"16":2},"f":{"0":26},"b":{"0":[2,24],"1":[26,24],"2":[1,23],"3":[5,18],"4":[2,16],"5":[1,15],"6":[1,14],"7":[11,3]},"_coverageSchema":"1a1c01bbd47fc00a2c39e90264f33305004495a9","hash":"45e268ca9acddfdb8c1aeecc1ef2422fc1724862"}
,"C:\\Users\\wiwiw\\Documents\\hactiv8\\phase 2\\Week 3\\IP-indra\\server\\models\\favorite.js": {"path":"C:\\Users\\wiwiw\\Documents\\hactiv8\\phase 2\\Week 3\\IP-indra\\server\\models\\favorite.js","statementMap":{"0":{"start":{"line":2,"column":18},"end":{"line":2,"column":38}},"1":{"start":{"line":3,"column":0},"end":{"line":73,"column":2}},"2":{"start":{"line":12,"column":6},"end":{"line":12,"column":64}},"3":{"start":{"line":13,"column":6},"end":{"line":13,"column":64}},"4":{"start":{"line":16,"column":2},"end":{"line":71,"column":4}},"5":{"start":{"line":72,"column":2},"end":{"line":72,"column":18}}},"fnMap":{"0":{"name":"(anonymous_0)","decl":{"start":{"line":3,"column":17},"end":{"line":3,"column":18}},"loc":{"start":{"line":3,"column":43},"end":{"line":73,"column":1}},"line":3},"1":{"name":"(anonymous_1)","decl":{"start":{"line":10,"column":4},"end":{"line":10,"column":5}},"loc":{"start":{"line":10,"column":29},"end":{"line":14,"column":5}},"line":10}},"branchMap":{},"s":{"0":3,"1":3,"2":3,"3":3,"4":3,"5":3},"f":{"0":3,"1":3},"b":{},"_coverageSchema":"1a1c01bbd47fc00a2c39e90264f33305004495a9","hash":"51dee669960ce8dc3aa7f3d4813bd098eaad3bec"}
,"C:\\Users\\wiwiw\\Documents\\hactiv8\\phase 2\\Week 3\\IP-indra\\server\\models\\hero.js": {"path":"C:\\Users\\wiwiw\\Documents\\hactiv8\\phase 2\\Week 3\\IP-indra\\server\\models\\hero.js","statementMap":{"0":{"start":{"line":2,"column":18},"end":{"line":2,"column":38}},"1":{"start":{"line":3,"column":0},"end":{"line":56,"column":2}},"2":{"start":{"line":12,"column":6},"end":{"line":12,"column":62}},"3":{"start":{"line":15,"column":2},"end":{"line":54,"column":4}},"4":{"start":{"line":55,"column":2},"end":{"line":55,"column":14}}},"fnMap":{"0":{"name":"(anonymous_0)","decl":{"start":{"line":3,"column":17},"end":{"line":3,"column":18}},"loc":{"start":{"line":3,"column":43},"end":{"line":56,"column":1}},"line":3},"1":{"name":"(anonymous_1)","decl":{"start":{"line":10,"column":4},"end":{"line":10,"column":5}},"loc":{"start":{"line":10,"column":29},"end":{"line":13,"column":5}},"line":10}},"branchMap":{},"s":{"0":3,"1":3,"2":3,"3":3,"4":3},"f":{"0":3,"1":3},"b":{},"_coverageSchema":"1a1c01bbd47fc00a2c39e90264f33305004495a9","hash":"3a46b272206ca56bd2e2dddad7ade0cc8d5e6dfc"}
,"C:\\Users\\wiwiw\\Documents\\hactiv8\\phase 2\\Week 3\\IP-indra\\server\\models\\index.js": {"path":"C:\\Users\\wiwiw\\Documents\\hactiv8\\phase 2\\Week 3\\IP-indra\\server\\models\\index.js","statementMap":{"0":{"start":{"line":3,"column":11},"end":{"line":3,"column":24}},"1":{"start":{"line":4,"column":13},"end":{"line":4,"column":28}},"2":{"start":{"line":5,"column":18},"end":{"line":5,"column":38}},"3":{"start":{"line":6,"column":16},"end":{"line":6,"column":34}},"4":{"start":{"line":7,"column":17},"end":{"line":7,"column":42}},"5":{"start":{"line":8,"column":12},"end":{"line":8,"column":49}},"6":{"start":{"line":9,"column":15},"end":{"line":9,"column":65}},"7":{"start":{"line":10,"column":11},"end":{"line":10,"column":13}},"8":{"start":{"line":13,"column":0},"end":{"line":17,"column":1}},"9":{"start":{"line":14,"column":2},"end":{"line":14,"column":74}},"10":{"start":{"line":16,"column":2},"end":{"line":16,"column":87}},"11":{"start":{"line":19,"column":0},"end":{"line":32,"column":5}},"12":{"start":{"line":22,"column":4},"end":{"line":27,"column":6}},"13":{"start":{"line":30,"column":18},"end":{"line":30,"column":85}},"14":{"start":{"line":31,"column":4},"end":{"line":31,"column":27}},"15":{"start":{"line":34,"column":0},"end":{"line":38,"column":3}},"16":{"start":{"line":35,"column":2},"end":{"line":37,"column":3}},"17":{"start":{"line":36,"column":4},"end":{"line":36,"column":32}},"18":{"start":{"line":40,"column":0},"end":{"line":40,"column":25}},"19":{"start":{"line":41,"column":0},"end":{"line":41,"column":25}},"20":{"start":{"line":43,"column":0},"end":{"line":43,"column":20}}},"fnMap":{"0":{"name":"(anonymous_0)","decl":{"start":{"line":21,"column":10},"end":{"line":21,"column":11}},"loc":{"start":{"line":21,"column":18},"end":{"line":28,"column":3}},"line":21},"1":{"name":"(anonymous_1)","decl":{"start":{"line":29,"column":11},"end":{"line":29,"column":12}},"loc":{"start":{"line":29,"column":19},"end":{"line":32,"column":3}},"line":29},"2":{"name":"(anonymous_2)","decl":{"start":{"line":34,"column":24},"end":{"line":34,"column":25}},"loc":{"start":{"line":34,"column":37},"end":{"line":38,"column":1}},"line":34}},"branchMap":{"0":{"loc":{"start":{"line":8,"column":12},"end":{"line":8,"column":49}},"type":"binary-expr","locations":[{"start":{"line":8,"column":12},"end":{"line":8,"column":32}},{"start":{"line":8,"column":36},"end":{"line":8,"column":49}}],"line":8},"1":{"loc":{"start":{"line":13,"column":0},"end":{"line":17,"column":1}},"type":"if","locations":[{"start":{"line":13,"column":0},"end":{"line":17,"column":1}},{"start":{"line":15,"column":7},"end":{"line":17,"column":1}}],"line":13},"2":{"loc":{"start":{"line":23,"column":6},"end":{"line":26,"column":37}},"type":"binary-expr","locations":[{"start":{"line":23,"column":6},"end":{"line":23,"column":29}},{"start":{"line":24,"column":6},"end":{"line":24,"column":23}},{"start":{"line":25,"column":6},"end":{"line":25,"column":30}},{"start":{"line":26,"column":6},"end":{"line":26,"column":37}}],"line":23},"3":{"loc":{"start":{"line":35,"column":2},"end":{"line":37,"column":3}},"type":"if","locations":[{"start":{"line":35,"column":2},"end":{"line":37,"column":3}},{"start":{},"end":{}}],"line":35}},"s":{"0":4,"1":4,"2":4,"3":4,"4":4,"5":4,"6":4,"7":4,"8":4,"9":1,"10":2,"11":3,"12":12,"13":9,"14":9,"15":3,"16":9,"17":9,"18":3,"19":3,"20":3},"f":{"0":12,"1":9,"2":9},"b":{"0":[4,0],"1":[1,2],"2":[12,12,9,9],"3":[9,0]},"_coverageSchema":"1a1c01bbd47fc00a2c39e90264f33305004495a9","hash":"6bcf1155e981277a32c6b4f2161beef2fa2bc42c"}
,"C:\\Users\\wiwiw\\Documents\\hactiv8\\phase 2\\Week 3\\IP-indra\\server\\models\\user.js": {"path":"C:\\Users\\wiwiw\\Documents\\hactiv8\\phase 2\\Week 3\\IP-indra\\server\\models\\user.js","statementMap":{"0":{"start":{"line":2,"column":18},"end":{"line":2,"column":38}},"1":{"start":{"line":3,"column":25},"end":{"line":3,"column":53}},"2":{"start":{"line":4,"column":0},"end":{"line":46,"column":2}},"3":{"start":{"line":13,"column":6},"end":{"line":13,"column":62}},"4":{"start":{"line":16,"column":2},"end":{"line":41,"column":4}},"5":{"start":{"line":42,"column":2},"end":{"line":44,"column":5}},"6":{"start":{"line":43,"column":4},"end":{"line":43,"column":48}},"7":{"start":{"line":45,"column":2},"end":{"line":45,"column":14}}},"fnMap":{"0":{"name":"(anonymous_0)","decl":{"start":{"line":4,"column":17},"end":{"line":4,"column":18}},"loc":{"start":{"line":4,"column":43},"end":{"line":46,"column":1}},"line":4},"1":{"name":"(anonymous_1)","decl":{"start":{"line":11,"column":4},"end":{"line":11,"column":5}},"loc":{"start":{"line":11,"column":29},"end":{"line":14,"column":5}},"line":11},"2":{"name":"(anonymous_2)","decl":{"start":{"line":42,"column":20},"end":{"line":42,"column":21}},"loc":{"start":{"line":42,"column":30},"end":{"line":44,"column":3}},"line":42}},"branchMap":{},"s":{"0":3,"1":3,"2":3,"3":3,"4":3,"5":3,"6":4,"7":3},"f":{"0":3,"1":3,"2":4},"b":{},"_coverageSchema":"1a1c01bbd47fc00a2c39e90264f33305004495a9","hash":"710f93b6f50b55cb184279a515f9476b3d381552"}
,"C:\\Users\\wiwiw\\Documents\\hactiv8\\phase 2\\Week 3\\IP-indra\\server\\routes\\index.js": {"path":"C:\\Users\\wiwiw\\Documents\\hactiv8\\phase 2\\Week 3\\IP-indra\\server\\routes\\index.js","statementMap":{"0":{"start":{"line":1,"column":23},"end":{"line":1,"column":63}},"1":{"start":{"line":2,"column":23},"end":{"line":2,"column":63}},"2":{"start":{"line":3,"column":25},"end":{"line":3,"column":67}},"3":{"start":{"line":4,"column":27},"end":{"line":4,"column":71}},"4":{"start":{"line":5,"column":23},"end":{"line":5,"column":53}},"5":{"start":{"line":6,"column":15},"end":{"line":6,"column":42}},"6":{"start":{"line":8,"column":0},"end":{"line":8,"column":50}},"7":{"start":{"line":9,"column":0},"end":{"line":9,"column":44}},"8":{"start":{"line":10,"column":0},"end":{"line":10,"column":55}},"9":{"start":{"line":13,"column":0},"end":{"line":13,"column":56}},"10":{"start":{"line":14,"column":0},"end":{"line":14,"column":61}},"11":{"start":{"line":15,"column":0},"end":{"line":15,"column":66}},"12":{"start":{"line":17,"column":0},"end":{"line":17,"column":46}},"13":{"start":{"line":18,"column":0},"end":{"line":18,"column":52}},"14":{"start":{"line":19,"column":0},"end":{"line":19,"column":62}},"15":{"start":{"line":20,"column":0},"end":{"line":20,"column":52}},"16":{"start":{"line":21,"column":0},"end":{"line":21,"column":45}},"17":{"start":{"line":22,"column":0},"end":{"line":22,"column":51}},"18":{"start":{"line":23,"column":0},"end":{"line":23,"column":54}},"19":{"start":{"line":25,"column":0},"end":{"line":25,"column":68}},"20":{"start":{"line":27,"column":0},"end":{"line":27,"column":27}},"21":{"start":{"line":28,"column":0},"end":{"line":28,"column":47}},"22":{"start":{"line":29,"column":0},"end":{"line":29,"column":53}},"23":{"start":{"line":31,"column":0},"end":{"line":31,"column":24}}},"fnMap":{},"branchMap":{},"s":{"0":2,"1":2,"2":2,"3":2,"4":2,"5":2,"6":2,"7":2,"8":2,"9":2,"10":2,"11":2,"12":2,"13":2,"14":2,"15":2,"16":2,"17":2,"18":2,"19":2,"20":2,"21":2,"22":2,"23":2},"f":{},"b":{},"_coverageSchema":"1a1c01bbd47fc00a2c39e90264f33305004495a9","hash":"fc22855e396e7cc57d965ee1ed4d78710a1085a9"}
}
