TN:
SF:app.js
FNF:0
FNH:0
DA:1,2
DA:2,1
DA:5,2
DA:6,2
DA:7,2
DA:8,2
DA:9,2
DA:11,2
DA:12,2
DA:13,2
DA:14,2
DA:16,2
DA:18,2
LF:13
LH:13
BRDA:1,0,0,1
BRDA:1,0,1,1
BRF:2
BRH:2
end_of_record
TN:
SF:controllers\favoriteController.js
FN:4,(anonymous_0)
FN:13,(anonymous_1)
FN:42,(anonymous_2)
FNF:3
FNH:3
FNDA:3,(anonymous_0)
FNDA:2,(anonymous_1)
FNDA:3,(anonymous_2)
DA:1,2
DA:5,3
DA:6,3
DA:7,2
DA:9,1
DA:14,2
DA:15,2
DA:17,2
DA:26,2
DA:27,2
DA:35,1
DA:38,1
DA:43,3
DA:44,3
DA:45,3
DA:46,3
DA:47,1
DA:50,2
DA:55,2
LF:19
LH:19
BRF:0
BRH:0
end_of_record
TN:
SF:controllers\geminiController.js
FN:4,(anonymous_0)
FNF:1
FNH:1
FNDA:2,(anonymous_0)
DA:1,2
DA:5,2
DA:6,2
DA:8,2
DA:9,1
DA:12,1
DA:14,1
DA:15,1
DA:24,1
DA:29,2
LF:10
LH:10
BRDA:8,0,0,1
BRDA:8,0,1,1
BRF:2
BRH:2
end_of_record
TN:
SF:controllers\heroController.js
FN:5,(anonymous_0)
FN:14,(anonymous_1)
FN:19,(anonymous_2)
FN:29,(anonymous_3)
FN:35,(anonymous_4)
FN:46,(anonymous_5)
FN:67,(anonymous_6)
FN:92,(anonymous_7)
FN:153,(anonymous_8)
FN:204,(anonymous_9)
FNF:10
FNH:10
FNDA:3,(anonymous_0)
FNDA:2,(anonymous_1)
FNDA:6,(anonymous_2)
FNDA:2,(anonymous_3)
FNDA:11,(anonymous_4)
FNDA:6,(anonymous_5)
FNDA:175,(anonymous_6)
FNDA:3,(anonymous_7)
FNDA:3,(anonymous_8)
FNDA:3,(anonymous_9)
DA:1,2
DA:2,2
DA:6,3
DA:7,3
DA:8,2
DA:10,1
DA:15,2
DA:16,2
DA:19,6
DA:23,1
DA:25,1
DA:30,2
DA:31,2
DA:34,1
DA:35,11
DA:40,1
DA:42,1
DA:47,6
DA:48,6
DA:49,6
DA:50,1
DA:54,5
DA:55,4
DA:56,1
DA:66,3
DA:67,175
DA:68,3
DA:69,2
DA:72,1
DA:80,1
DA:82,4
DA:83,3
DA:85,1
DA:93,3
DA:94,3
DA:95,3
DA:96,1
DA:102,2
DA:103,2
DA:104,2
DA:105,2
DA:106,2
DA:107,2
DA:108,2
DA:109,1
DA:116,1
DA:117,1
DA:125,1
DA:133,1
DA:134,1
DA:148,2
DA:149,2
DA:154,3
DA:155,3
DA:156,3
DA:157,1
DA:159,2
DA:162,2
DA:163,2
DA:164,1
DA:168,1
DA:176,1
DA:188,1
DA:200,2
DA:205,3
DA:206,3
DA:207,3
DA:208,1
DA:210,2
DA:211,2
DA:212,1
DA:216,1
DA:221,1
DA:223,1
DA:233,2
DA:259,2
LF:76
LH:76
BRDA:49,0,0,1
BRDA:49,0,1,5
BRDA:55,1,0,1
BRDA:55,1,1,3
BRDA:68,2,0,2
BRDA:68,2,1,1
BRDA:82,3,0,3
BRDA:82,3,1,1
BRDA:95,4,0,1
BRDA:95,4,1,2
BRDA:95,5,0,3
BRDA:95,5,1,3
BRDA:104,6,0,0
BRDA:104,6,1,2
BRDA:105,7,0,1
BRDA:105,7,1,1
BRDA:106,8,0,1
BRDA:106,8,1,1
BRDA:107,9,0,1
BRDA:107,9,1,1
BRDA:108,10,0,1
BRDA:108,10,1,1
BRDA:116,11,0,1
BRDA:116,11,1,1
BRDA:156,12,0,1
BRDA:156,12,1,2
BRDA:163,13,0,1
BRDA:163,13,1,1
BRDA:169,14,0,1
BRDA:169,14,1,0
BRDA:170,15,0,1
BRDA:170,15,1,1
BRDA:171,16,0,1
BRDA:171,16,1,1
BRDA:172,17,0,1
BRDA:172,17,1,1
BRDA:178,18,0,1
BRDA:178,18,1,0
BRDA:179,19,0,1
BRDA:179,19,1,1
BRDA:180,20,0,1
BRDA:180,20,1,1
BRDA:181,21,0,1
BRDA:181,21,1,1
BRDA:207,22,0,1
BRDA:207,22,1,2
BRDA:211,23,0,1
BRDA:211,23,1,1
BRF:48
BRH:45
end_of_record
TN:
SF:controllers\userController.js
FN:7,(anonymous_0)
FN:17,(anonymous_1)
FN:36,(anonymous_2)
FN:63,(anonymous_3)
FN:76,(anonymous_4)
FNF:5
FNH:5
FNDA:4,(anonymous_0)
FNDA:5,(anonymous_1)
FNDA:3,(anonymous_2)
FNDA:1,(anonymous_3)
FNDA:1,(anonymous_4)
DA:1,2
DA:2,2
DA:3,2
DA:4,2
DA:8,4
DA:9,4
DA:10,4
DA:11,2
DA:13,2
DA:18,5
DA:19,5
DA:20,5
DA:21,1
DA:23,4
DA:24,1
DA:26,3
DA:27,3
DA:28,3
DA:30,0
DA:31,0
DA:33,5
DA:37,3
DA:38,3
DA:39,3
DA:40,3
DA:44,0
DA:45,0
DA:53,0
DA:54,0
DA:56,3
DA:58,3
DA:60,3
DA:64,1
DA:65,1
DA:66,1
DA:68,1
DA:69,0
DA:71,1
DA:73,0
DA:77,1
DA:78,1
DA:79,1
DA:80,1
DA:81,0
DA:83,1
DA:84,1
DA:86,0
DA:91,2
LF:48
LH:38
BRDA:20,0,0,1
BRDA:20,0,1,4
BRDA:23,1,0,1
BRDA:23,1,1,3
BRDA:27,2,0,3
BRDA:27,2,1,0
BRDA:27,3,0,3
BRDA:27,3,1,2
BRDA:54,4,0,0
BRDA:54,4,1,0
BRDA:68,5,0,0
BRDA:68,5,1,1
BRDA:80,6,0,0
BRDA:80,6,1,1
BRF:14
BRH:9
end_of_record
TN:
SF:helpers\bcrypt.js
FN:3,(anonymous_0)
FN:7,(anonymous_1)
FNF:2
FNH:2
FNDA:5,(anonymous_0)
FNDA:2,(anonymous_1)
DA:1,3
DA:3,3
DA:4,5
DA:7,3
DA:8,2
DA:11,3
LF:6
LH:6
BRF:0
BRH:0
end_of_record
TN:
SF:helpers\gemini.js
FN:10,generateContent
FNF:1
FNH:1
FNDA:2,generateContent
DA:1,2
DA:4,2
DA:7,2
DA:11,2
DA:13,2
DA:18,2
DA:19,1
DA:20,1
DA:22,1
DA:23,1
DA:27,2
LF:11
LH:11
BRDA:10,0,0,1
BRDA:14,1,0,2
BRDA:14,1,1,2
BRF:3
BRH:3
end_of_record
TN:
SF:helpers\jwt.js
FN:4,signToken
FN:7,verifyToken
FNF:2
FNH:2
FNDA:3,signToken
FNDA:6,verifyToken
DA:1,2
DA:2,2
DA:5,3
DA:8,6
DA:11,2
LF:5
LH:5
BRF:0
BRH:0
end_of_record
TN:
SF:middlewares\auth.js
FN:4,(anonymous_0)
FNF:1
FNH:1
FNDA:7,(anonymous_0)
DA:1,3
DA:2,2
DA:4,2
DA:5,7
DA:6,7
DA:7,1
DA:8,1
DA:12,6
DA:13,2
DA:14,2
DA:17,4
DA:18,4
DA:19,0
DA:20,0
DA:23,4
DA:24,4
DA:25,3
DA:27,3
DA:28,1
DA:29,1
DA:31,2
DA:32,2
DA:34,1
DA:38,2
LF:24
LH:22
BRDA:6,0,0,1
BRDA:6,0,1,6
BRDA:12,1,0,2
BRDA:12,1,1,4
BRDA:18,2,0,0
BRDA:18,2,1,4
BRDA:27,3,0,1
BRDA:27,3,1,2
BRF:8
BRH:7
end_of_record
TN:
SF:middlewares\errorHandle.js
FN:1,errorHandler
FNF:1
FNH:1
FNDA:26,errorHandler
DA:2,26
DA:3,26
DA:7,2
DA:9,24
DA:10,1
DA:12,23
DA:13,5
DA:15,18
DA:16,2
DA:18,16
DA:19,1
DA:21,15
DA:22,1
DA:24,14
DA:25,11
DA:28,3
DA:30,2
LF:17
LH:17
BRDA:3,0,0,2
BRDA:3,0,1,24
BRDA:4,1,0,26
BRDA:4,1,1,24
BRDA:9,2,0,1
BRDA:9,2,1,23
BRDA:12,3,0,5
BRDA:12,3,1,18
BRDA:15,4,0,2
BRDA:15,4,1,16
BRDA:18,5,0,1
BRDA:18,5,1,15
BRDA:21,6,0,1
BRDA:21,6,1,14
BRDA:24,7,0,11
BRDA:24,7,1,3
BRF:16
BRH:16
end_of_record
TN:
SF:models\favorite.js
FN:3,(anonymous_0)
FN:10,(anonymous_1)
FNF:2
FNH:2
FNDA:3,(anonymous_0)
FNDA:3,(anonymous_1)
DA:2,3
DA:3,3
DA:12,3
DA:13,3
DA:16,3
DA:72,3
LF:6
LH:6
BRF:0
BRH:0
end_of_record
TN:
SF:models\hero.js
FN:3,(anonymous_0)
FN:10,(anonymous_1)
FNF:2
FNH:2
FNDA:3,(anonymous_0)
FNDA:3,(anonymous_1)
DA:2,3
DA:3,3
DA:12,3
DA:15,3
DA:55,3
LF:5
LH:5
BRF:0
BRH:0
end_of_record
TN:
SF:models\index.js
FN:21,(anonymous_0)
FN:29,(anonymous_1)
FN:34,(anonymous_2)
FNF:3
FNH:3
FNDA:12,(anonymous_0)
FNDA:9,(anonymous_1)
FNDA:9,(anonymous_2)
DA:3,4
DA:4,4
DA:5,4
DA:6,4
DA:7,4
DA:8,4
DA:9,4
DA:10,4
DA:13,4
DA:14,1
DA:16,2
DA:19,3
DA:22,12
DA:30,9
DA:31,9
DA:34,3
DA:35,9
DA:36,9
DA:40,3
DA:41,3
DA:43,3
LF:21
LH:21
BRDA:8,0,0,4
BRDA:8,0,1,0
BRDA:13,1,0,1
BRDA:13,1,1,2
BRDA:23,2,0,12
BRDA:23,2,1,12
BRDA:23,2,2,9
BRDA:23,2,3,9
BRDA:35,3,0,9
BRDA:35,3,1,0
BRF:10
BRH:8
end_of_record
TN:
SF:models\user.js
FN:4,(anonymous_0)
FN:11,(anonymous_1)
FN:42,(anonymous_2)
FNF:3
FNH:3
FNDA:3,(anonymous_0)
FNDA:3,(anonymous_1)
FNDA:4,(anonymous_2)
DA:2,3
DA:3,3
DA:4,3
DA:13,3
DA:16,3
DA:42,3
DA:43,4
DA:45,3
LF:8
LH:8
BRF:0
BRH:0
end_of_record
TN:
SF:routes\index.js
FNF:0
FNH:0
DA:1,2
DA:2,2
DA:3,2
DA:4,2
DA:5,2
DA:6,2
DA:8,2
DA:9,2
DA:10,2
DA:13,2
DA:14,2
DA:15,2
DA:17,2
DA:18,2
DA:19,2
DA:20,2
DA:21,2
DA:22,2
DA:23,2
DA:25,2
DA:27,2
DA:28,2
DA:29,2
DA:31,2
LF:24
LH:24
BRF:0
BRH:0
end_of_record
