TN:
SF:app.js
FNF:0
FNH:0
DA:1,1
DA:2,1
DA:5,1
DA:6,1
DA:7,1
DA:8,1
DA:9,1
DA:10,1
DA:12,1
DA:13,1
DA:14,1
DA:15,1
DA:17,1
DA:19,1
LF:14
LH:14
BRDA:1,0,0,1
BRDA:1,0,1,0
BRF:2
BRH:1
end_of_record
TN:
SF:controllers\geminiController.js
FN:4,(anonymous_0)
FNF:1
FNH:1
FNDA:2,(anonymous_0)
DA:1,1
DA:5,2
DA:6,2
DA:8,2
DA:9,1
DA:12,1
DA:14,1
DA:15,1
DA:24,1
DA:29,1
LF:10
LH:10
BRDA:8,0,0,1
BRDA:8,0,1,1
BRF:2
BRH:2
end_of_record
TN:
SF:controllers\heroController.js
FN:5,(anonymous_0)
FN:10,(anonymous_1)
FN:23,(anonymous_2)
FN:28,(anonymous_3)
FN:38,(anonymous_4)
FN:44,(anonymous_5)
FN:55,(anonymous_6)
FN:67,(anonymous_7)
FN:91,(anonymous_8)
FN:124,(anonymous_9)
FNF:10
FNH:9
FNDA:1,(anonymous_0)
FNDA:87,(anonymous_1)
FNDA:1,(anonymous_2)
FNDA:6,(anonymous_3)
FNDA:1,(anonymous_4)
FNDA:11,(anonymous_5)
FNDA:2,(anonymous_6)
FNDA:0,(anonymous_7)
FNDA:2,(anonymous_8)
FNDA:2,(anonymous_9)
DA:1,1
DA:2,1
DA:6,1
DA:7,1
DA:10,87
DA:17,1
DA:19,0
DA:24,1
DA:25,1
DA:28,6
DA:32,1
DA:34,0
DA:39,1
DA:40,1
DA:43,1
DA:44,11
DA:49,1
DA:51,0
DA:56,2
DA:57,2
DA:58,2
DA:59,0
DA:61,2
DA:64,2
DA:65,2
DA:67,0
DA:74,0
DA:76,2
DA:77,0
DA:81,2
DA:82,0
DA:87,2
DA:92,2
DA:93,2
DA:94,2
DA:95,0
DA:97,2
DA:98,2
DA:99,2
DA:100,1
DA:102,1
DA:108,1
DA:120,1
DA:125,2
DA:126,2
DA:127,2
DA:128,0
DA:130,2
DA:131,2
DA:132,1
DA:134,1
DA:135,1
DA:145,1
DA:150,1
LF:54
LH:44
BRDA:58,0,0,0
BRDA:58,0,1,2
BRDA:64,1,0,2
BRDA:64,1,1,0
BRDA:64,2,0,2
BRDA:64,2,1,2
BRDA:76,3,0,0
BRDA:76,3,1,2
BRDA:79,4,0,0
BRDA:79,4,1,0
BRDA:81,5,0,0
BRDA:81,5,1,2
BRDA:94,6,0,0
BRDA:94,6,1,2
BRDA:99,7,0,1
BRDA:99,7,1,1
BRDA:103,8,0,1
BRDA:103,8,1,0
BRDA:104,9,0,1
BRDA:104,9,1,1
BRDA:105,10,0,1
BRDA:105,10,1,1
BRDA:106,11,0,1
BRDA:106,11,1,1
BRDA:127,12,0,0
BRDA:127,12,1,2
BRDA:131,13,0,1
BRDA:131,13,1,1
BRF:28
BRH:19
end_of_record
TN:
SF:controllers\userController.js
FN:7,(anonymous_0)
FN:17,(anonymous_1)
FNF:2
FNH:2
FNDA:4,(anonymous_0)
FNDA:5,(anonymous_1)
DA:1,1
DA:2,1
DA:3,1
DA:4,1
DA:8,4
DA:9,4
DA:10,4
DA:11,2
DA:13,2
DA:18,5
DA:19,5
DA:20,5
DA:21,1
DA:23,4
DA:24,1
DA:26,3
DA:27,3
DA:28,3
DA:30,0
DA:31,0
DA:33,5
DA:38,1
LF:22
LH:20
BRDA:20,0,0,1
BRDA:20,0,1,4
BRDA:23,1,0,1
BRDA:23,1,1,3
BRDA:27,2,0,3
BRDA:27,2,1,0
BRDA:27,3,0,3
BRDA:27,3,1,2
BRF:8
BRH:7
end_of_record
TN:
SF:helpers\bcrypt.js
FN:3,(anonymous_0)
FN:7,(anonymous_1)
FNF:2
FNH:2
FNDA:4,(anonymous_0)
FNDA:2,(anonymous_1)
DA:1,1
DA:3,1
DA:4,4
DA:7,1
DA:8,2
DA:11,1
LF:6
LH:6
BRF:0
BRH:0
end_of_record
TN:
SF:helpers\gemini.js
FN:10,generateContent
FNF:1
FNH:1
FNDA:1,generateContent
DA:1,1
DA:4,1
DA:7,1
DA:11,1
DA:13,1
DA:18,1
DA:19,1
DA:20,1
DA:22,0
DA:23,0
DA:27,1
LF:11
LH:9
BRDA:10,0,0,0
BRDA:14,1,0,1
BRDA:14,1,1,1
BRF:3
BRH:2
end_of_record
TN:
SF:helpers\jwt.js
FN:4,signToken
FN:7,verifyToken
FNF:2
FNH:1
FNDA:1,signToken
FNDA:0,verifyToken
DA:1,1
DA:2,1
DA:5,1
DA:8,0
DA:11,1
LF:5
LH:4
BRF:0
BRH:0
end_of_record
TN:
SF:middlewares\errorHandle.js
FN:1,errorHandler
FNF:1
FNH:1
FNDA:12,errorHandler
DA:2,12
DA:3,12
DA:7,2
DA:9,10
DA:10,1
DA:12,9
DA:13,0
DA:15,9
DA:16,0
DA:18,9
DA:19,0
DA:21,9
DA:22,0
DA:24,9
DA:25,9
DA:28,0
DA:30,1
LF:17
LH:12
BRDA:3,0,0,2
BRDA:3,0,1,10
BRDA:4,1,0,12
BRDA:4,1,1,10
BRDA:9,2,0,1
BRDA:9,2,1,9
BRDA:12,3,0,0
BRDA:12,3,1,9
BRDA:15,4,0,0
BRDA:15,4,1,9
BRDA:18,5,0,0
BRDA:18,5,1,9
BRDA:21,6,0,0
BRDA:21,6,1,9
BRDA:24,7,0,9
BRDA:24,7,1,0
BRF:16
BRH:11
end_of_record
TN:
SF:models\favorite.js
FN:3,(anonymous_0)
FN:10,(anonymous_1)
FNF:2
FNH:2
FNDA:1,(anonymous_0)
FNDA:1,(anonymous_1)
DA:2,1
DA:3,1
DA:12,1
DA:13,1
DA:16,1
DA:40,1
LF:6
LH:6
BRF:0
BRH:0
end_of_record
TN:
SF:models\hero.js
FN:3,(anonymous_0)
FN:10,(anonymous_1)
FNF:2
FNH:2
FNDA:1,(anonymous_0)
FNDA:1,(anonymous_1)
DA:2,1
DA:3,1
DA:12,1
DA:15,1
DA:55,1
LF:5
LH:5
BRF:0
BRH:0
end_of_record
TN:
SF:models\index.js
FN:21,(anonymous_0)
FN:29,(anonymous_1)
FN:34,(anonymous_2)
FNF:3
FNH:3
FNDA:4,(anonymous_0)
FNDA:3,(anonymous_1)
FNDA:3,(anonymous_2)
DA:3,1
DA:4,1
DA:5,1
DA:6,1
DA:7,1
DA:8,1
DA:9,1
DA:10,1
DA:13,1
DA:14,0
DA:16,1
DA:19,1
DA:22,4
DA:30,3
DA:31,3
DA:34,1
DA:35,3
DA:36,3
DA:40,1
DA:41,1
DA:43,1
LF:21
LH:20
BRDA:8,0,0,1
BRDA:8,0,1,0
BRDA:13,1,0,0
BRDA:13,1,1,1
BRDA:23,2,0,4
BRDA:23,2,1,4
BRDA:23,2,2,3
BRDA:23,2,3,3
BRDA:35,3,0,3
BRDA:35,3,1,0
BRF:10
BRH:7
end_of_record
TN:
SF:models\user.js
FN:4,(anonymous_0)
FN:11,(anonymous_1)
FN:42,(anonymous_2)
FNF:3
FNH:3
FNDA:1,(anonymous_0)
FNDA:1,(anonymous_1)
FNDA:3,(anonymous_2)
DA:2,1
DA:3,1
DA:4,1
DA:13,1
DA:16,1
DA:42,1
DA:43,3
DA:45,1
LF:8
LH:8
BRF:0
BRH:0
end_of_record
TN:
SF:routes\index.js
FNF:0
FNH:0
DA:1,1
DA:2,1
DA:3,1
DA:4,1
DA:6,1
DA:7,1
DA:9,1
DA:10,1
DA:11,1
DA:12,1
DA:13,1
DA:14,1
DA:16,1
DA:18,1
LF:14
LH:14
BRF:0
BRH:0
end_of_record
